\BOOKMARK [0][-]{section*.1}{Contents}{}% 1
\BOOKMARK [0][-]{chapter.1}{Introduction}{}% 2
\BOOKMARK [1][-]{section.1.1}{Sources}{chapter.1}% 3
\BOOKMARK [1][-]{section.1.2}{Editorial Policies}{chapter.1}% 4
\BOOKMARK [1][-]{section.1.3}{Abbreviations}{chapter.1}% 5
\BOOKMARK [1][-]{section.1.4}{Colophon}{chapter.1}% 6
\BOOKMARK [1][-]{section.1.5}{Acknowledgments}{chapter.1}% 7
\BOOKMARK [0][-]{chapter.2}{Critical Notes}{}% 8
\BOOKMARK [1][-]{section.2.1}{Joan Cererols, Suspended, cielos, vuestro dulce canto}{chapter.2}% 9
\BOOKMARK [1][-]{section.2.2}{Juan Gutiérrez de Padilla, Voces, las de la capilla}{chapter.2}% 10
\BOOKMARK [1][-]{section.2.3}{Juan Gutiérrez de Padilla, Al establo más dichoso}{chapter.2}% 11
\BOOKMARK [1][-]{section.2.4}{Miguel de Irízar, Si los sentidos queja forman del Pan Divino}{chapter.2}% 12
\BOOKMARK [1][-]{section.2.5}{Jerónimo de Carrión, Si los sentidos queja forman del Pan Divino}{chapter.2}% 13
\BOOKMARK [1][-]{section.2.6}{Antonio de Salazar, Angélicos coros con gozo cantad}{chapter.2}% 14
\BOOKMARK [1][-]{section.2.7}{José de Cáseda, Qué música divina}{chapter.2}% 15
\BOOKMARK [0][-]{chapter.3}{Poetry Editions}{}% 16
\BOOKMARK [1][-]{section.3.1}{Suspended, cielos, vuestro dulce canto \(Montserrat, 1660\)}{chapter.3}% 17
\BOOKMARK [1][-]{section.3.2}{Voces, las de la capilla \(Puebla, 1657\)}{chapter.3}% 18
\BOOKMARK [1][-]{section.3.3}{Al establo más dichoso \(Puebla, 1652\)}{chapter.3}% 19
\BOOKMARK [1][-]{section.3.4}{Si los sentidos queja forman del Pan Divino \(Zaragoza, 1688\)}{chapter.3}% 20
\BOOKMARK [1][-]{section.3.5}{Angélicos coros con gozo cantad \(Puebla, 1680\)}{chapter.3}% 21
\BOOKMARK [1][-]{section.3.6}{Qué música divina \(Zaragoza and Puebla, 1700\)}{chapter.3}% 22
\BOOKMARK [0][-]{chapter.4}{Music Editions}{}% 23
\BOOKMARK [1][-]{section.4.1}{Joan Cererols, Suspended, cielos, vuestro dulce canto}{chapter.4}% 24
\BOOKMARK [1][-]{section.4.2}{Juan Gutiérrez de Padilla, Voces, las de la capilla}{chapter.4}% 25
\BOOKMARK [1][-]{section.4.3}{Juan Gutiérrez de Padilla, Al establo más dichoso}{chapter.4}% 26
\BOOKMARK [1][-]{section.4.4}{Miguel de Irízar, Si los sentidos queja forman del Pan Divino}{chapter.4}% 27
\BOOKMARK [1][-]{section.4.5}{Jerónimo de Carrión, Si los sentidos queja forman del Pan Divino}{chapter.4}% 28
\BOOKMARK [1][-]{section.4.6}{Antonio de Salazar, Angélicos coros con gozo cantad}{chapter.4}% 29
\BOOKMARK [1][-]{section.4.7}{José de Cáseda, Qué música divina}{chapter.4}% 30
